==85731== Memcheck, a memory error detector
==85731== Copyright (C) 2002-2017, and GNU GPL'd, by Julian Seward et al.
==85731== Using Valgrind-3.18.1 and LibVEX; rerun with -h for copyright info
==85731== Command: ./app_file_bot inputDir outputDir 5
==85731== Parent PID: 85729
==85731== 
==85733== 
==85733== HEAP SUMMARY:
==85733==     in use at exit: 0 bytes in 0 blocks
==85733==   total heap usage: 55 allocs, 55 frees, 167,266 bytes allocated
==85733== 
==85733== All heap blocks were freed -- no leaks are possible
==85733== 
==85733== ERROR SUMMARY: 0 errors from 0 contexts (suppressed: 0 from 0)
==85735== 
==85735== HEAP SUMMARY:
==85735==     in use at exit: 0 bytes in 0 blocks
==85735==   total heap usage: 1 allocs, 1 frees, 1,024 bytes allocated
==85735== 
==85735== All heap blocks were freed -- no leaks are possible
==85735== 
==85735== ERROR SUMMARY: 0 errors from 0 contexts (suppressed: 0 from 0)
==85737== 
==85737== HEAP SUMMARY:
==85737==     in use at exit: 0 bytes in 0 blocks
==85737==   total heap usage: 1 allocs, 1 frees, 1,024 bytes allocated
==85737== 
==85737== All heap blocks were freed -- no leaks are possible
==85737== 
==85737== ERROR SUMMARY: 0 errors from 0 contexts (suppressed: 0 from 0)
==85734== 
==85734== HEAP SUMMARY:
==85734==     in use at exit: 0 bytes in 0 blocks
==85734==   total heap usage: 1 allocs, 1 frees, 1,024 bytes allocated
==85734== 
==85734== All heap blocks were freed -- no leaks are possible
==85734== 
==85734== ERROR SUMMARY: 0 errors from 0 contexts (suppressed: 0 from 0)
==85736== 
==85736== HEAP SUMMARY:
==85736==     in use at exit: 0 bytes in 0 blocks
==85736==   total heap usage: 1 allocs, 1 frees, 1,024 bytes allocated
==85736== 
==85736== All heap blocks were freed -- no leaks are possible
==85736== 
==85736== ERROR SUMMARY: 0 errors from 0 contexts (suppressed: 0 from 0)
==85732== 
==85732== HEAP SUMMARY:
==85732==     in use at exit: 0 bytes in 0 blocks
==85732==   total heap usage: 1 allocs, 1 frees, 1,024 bytes allocated
==85732== 
==85732== All heap blocks were freed -- no leaks are possible
==85732== 
==85732== ERROR SUMMARY: 0 errors from 0 contexts (suppressed: 0 from 0)
==85731== 
==85731== HEAP SUMMARY:
==85731==     in use at exit: 0 bytes in 0 blocks
==85731==   total heap usage: 40 allocs, 40 frees, 195,072 bytes allocated
==85731== 
==85731== All heap blocks were freed -- no leaks are possible
==85731== 
==85731== ERROR SUMMARY: 0 errors from 0 contexts (suppressed: 0 from 0)
