==20902== Memcheck, a memory error detector
==20902== Copyright (C) 2002-2017, and GNU GPL'd, by Julian Seward et al.
==20902== Using Valgrind-3.18.1 and LibVEX; rerun with -h for copyright info
==20902== Command: ./app_file_bot config.txt
==20902== Parent PID: 20892
==20902== 
==20904== 
==20904== HEAP SUMMARY:
==20904==     in use at exit: 0 bytes in 0 blocks
==20904==   total heap usage: 29 allocs, 29 frees, 48,085 bytes allocated
==20904== 
==20904== All heap blocks were freed -- no leaks are possible
==20904== 
==20904== ERROR SUMMARY: 0 errors from 0 contexts (suppressed: 0 from 0)
==20903== 
==20903== HEAP SUMMARY:
==20903==     in use at exit: 0 bytes in 0 blocks
==20903==   total heap usage: 13 allocs, 13 frees, 10,285 bytes allocated
==20903== 
==20903== All heap blocks were freed -- no leaks are possible
==20903== 
==20903== ERROR SUMMARY: 0 errors from 0 contexts (suppressed: 0 from 0)
==20905== 
==20905== HEAP SUMMARY:
==20905==     in use at exit: 0 bytes in 0 blocks
==20905==   total heap usage: 21 allocs, 21 frees, 10,614 bytes allocated
==20905== 
==20905== All heap blocks were freed -- no leaks are possible
==20905== 
==20905== ERROR SUMMARY: 0 errors from 0 contexts (suppressed: 0 from 0)
==20902== 
==20902== HEAP SUMMARY:
==20902==     in use at exit: 0 bytes in 0 blocks
==20902==   total heap usage: 51 allocs, 51 frees, 195,434 bytes allocated
==20902== 
==20902== All heap blocks were freed -- no leaks are possible
==20902== 
==20902== ERROR SUMMARY: 0 errors from 0 contexts (suppressed: 0 from 0)
