==12398== Memcheck, a memory error detector
==12398== Copyright (C) 2002-2017, and GNU GPL'd, by Julian Seward et al.
==12398== Using Valgrind-3.18.1 and LibVEX; rerun with -h for copyright info
==12398== Command: ./app_file_bot inputDir outputDir 5
==12398== Parent PID: 12320
==12398== 
==12402== 
==12402== HEAP SUMMARY:
==12402==     in use at exit: 0 bytes in 0 blocks
==12402==   total heap usage: 11 allocs, 11 frees, 1,436 bytes allocated
==12402== 
==12402== All heap blocks were freed -- no leaks are possible
==12402== 
==12402== ERROR SUMMARY: 0 errors from 0 contexts (suppressed: 0 from 0)
==12403== 
==12403== HEAP SUMMARY:
==12403==     in use at exit: 0 bytes in 0 blocks
==12403==   total heap usage: 11 allocs, 11 frees, 1,436 bytes allocated
==12403== 
==12403== All heap blocks were freed -- no leaks are possible
==12403== 
==12403== ERROR SUMMARY: 0 errors from 0 contexts (suppressed: 0 from 0)
==12400== 
==12400== HEAP SUMMARY:
==12400==     in use at exit: 0 bytes in 0 blocks
==12400==   total heap usage: 19 allocs, 19 frees, 38,907 bytes allocated
==12400== 
==12400== All heap blocks were freed -- no leaks are possible
==12400== 
==12400== ERROR SUMMARY: 0 errors from 0 contexts (suppressed: 0 from 0)
==12399== 
==12399== HEAP SUMMARY:
==12399==     in use at exit: 0 bytes in 0 blocks
==12399==   total heap usage: 3 allocs, 3 frees, 1,107 bytes allocated
==12399== 
==12399== All heap blocks were freed -- no leaks are possible
==12399== 
==12399== ERROR SUMMARY: 0 errors from 0 contexts (suppressed: 0 from 0)
==12404== 
==12404== HEAP SUMMARY:
==12404==     in use at exit: 0 bytes in 0 blocks
==12404==   total heap usage: 11 allocs, 11 frees, 1,436 bytes allocated
==12404== 
==12404== All heap blocks were freed -- no leaks are possible
==12404== 
==12404== ERROR SUMMARY: 0 errors from 0 contexts (suppressed: 0 from 0)
==12401== 
==12401== HEAP SUMMARY:
==12401==     in use at exit: 0 bytes in 0 blocks
==12401==   total heap usage: 19 allocs, 19 frees, 38,907 bytes allocated
==12401== 
==12401== All heap blocks were freed -- no leaks are possible
==12401== 
==12401== ERROR SUMMARY: 0 errors from 0 contexts (suppressed: 0 from 0)
==12398== 
==12398== HEAP SUMMARY:
==12398==     in use at exit: 0 bytes in 0 blocks
==12398==   total heap usage: 57 allocs, 57 frees, 359,572 bytes allocated
==12398== 
==12398== All heap blocks were freed -- no leaks are possible
==12398== 
==12398== ERROR SUMMARY: 0 errors from 0 contexts (suppressed: 0 from 0)
