==13506== Memcheck, a memory error detector
==13506== Copyright (C) 2002-2017, and GNU GPL'd, by Julian Seward et al.
==13506== Using Valgrind-3.18.1 and LibVEX; rerun with -h for copyright info
==13506== Command: ./app_file_bot inputDir outputDir 5
==13506== Parent PID: 13496
==13506== 
==13507== 
==13507== HEAP SUMMARY:
==13507==     in use at exit: 0 bytes in 0 blocks
==13507==   total heap usage: 1 allocs, 1 frees, 1,024 bytes allocated
==13507== 
==13507== All heap blocks were freed -- no leaks are possible
==13507== 
==13507== ERROR SUMMARY: 0 errors from 0 contexts (suppressed: 0 from 0)
==13510== 
==13510== HEAP SUMMARY:
==13510==     in use at exit: 0 bytes in 0 blocks
==13510==   total heap usage: 1 allocs, 1 frees, 1,024 bytes allocated
==13510== 
==13510== All heap blocks were freed -- no leaks are possible
==13510== 
==13510== ERROR SUMMARY: 0 errors from 0 contexts (suppressed: 0 from 0)
==13511== 
==13511== HEAP SUMMARY:
==13511==     in use at exit: 0 bytes in 0 blocks
==13511==   total heap usage: 1 allocs, 1 frees, 1,024 bytes allocated
==13511== 
==13511== All heap blocks were freed -- no leaks are possible
==13511== 
==13511== ERROR SUMMARY: 0 errors from 0 contexts (suppressed: 0 from 0)
==13509== 
==13509== HEAP SUMMARY:
==13509==     in use at exit: 0 bytes in 0 blocks
==13509==   total heap usage: 1 allocs, 1 frees, 1,024 bytes allocated
==13509== 
==13509== All heap blocks were freed -- no leaks are possible
==13509== 
==13509== ERROR SUMMARY: 0 errors from 0 contexts (suppressed: 0 from 0)
==13512== 
==13512== HEAP SUMMARY:
==13512==     in use at exit: 0 bytes in 0 blocks
==13512==   total heap usage: 1 allocs, 1 frees, 1,024 bytes allocated
==13512== 
==13512== All heap blocks were freed -- no leaks are possible
==13512== 
==13512== ERROR SUMMARY: 0 errors from 0 contexts (suppressed: 0 from 0)
==13508== 
==13508== HEAP SUMMARY:
==13508==     in use at exit: 0 bytes in 0 blocks
==13508==   total heap usage: 13 allocs, 13 frees, 10,274 bytes allocated
==13508== 
==13508== All heap blocks were freed -- no leaks are possible
==13508== 
==13508== ERROR SUMMARY: 0 errors from 0 contexts (suppressed: 0 from 0)
==13506== 
==13506== HEAP SUMMARY:
==13506==     in use at exit: 0 bytes in 0 blocks
==13506==   total heap usage: 43 allocs, 43 frees, 293,520 bytes allocated
==13506== 
==13506== All heap blocks were freed -- no leaks are possible
==13506== 
==13506== ERROR SUMMARY: 0 errors from 0 contexts (suppressed: 0 from 0)
